{"/home/ely/Documentos/proyectooooo/listarpartprivada/Frontend/src/components/WebSocketsProvider.jsx": {"path":"/home/ely/Documentos/proyectooooo/listarpartprivada/Frontend/src/components/WebSocketsProvider.jsx","all":false,"statementMap":{"0":{"start":{"line":1,"column":0},"end":{"line":1,"column":64}},"2":{"start":{"line":3,"column":0},"end":{"line":3,"column":48}},"4":{"start":{"line":5,"column":0},"end":{"line":5,"column":52}},"5":{"start":{"line":6,"column":0},"end":{"line":6,"column":65}},"6":{"start":{"line":7,"column":0},"end":{"line":7,"column":66}},"7":{"start":{"line":8,"column":0},"end":{"line":8,"column":75}},"8":{"start":{"line":9,"column":0},"end":{"line":9,"column":74}},"9":{"start":{"line":10,"column":0},"end":{"line":10,"column":62}},"10":{"start":{"line":11,"column":0},"end":{"line":11,"column":87}},"11":{"start":{"line":12,"column":0},"end":{"line":12,"column":69}},"13":{"start":{"line":14,"column":0},"end":{"line":14,"column":10}},"14":{"start":{"line":15,"column":0},"end":{"line":15,"column":30}},"15":{"start":{"line":16,"column":0},"end":{"line":16,"column":14}},"16":{"start":{"line":17,"column":0},"end":{"line":17,"column":16}},"17":{"start":{"line":18,"column":0},"end":{"line":18,"column":16}},"18":{"start":{"line":19,"column":0},"end":{"line":19,"column":17}},"19":{"start":{"line":20,"column":0},"end":{"line":20,"column":23}},"20":{"start":{"line":21,"column":0},"end":{"line":21,"column":15}},"21":{"start":{"line":22,"column":0},"end":{"line":22,"column":16}},"22":{"start":{"line":23,"column":0},"end":{"line":23,"column":16}},"23":{"start":{"line":24,"column":0},"end":{"line":24,"column":8}},"25":{"start":{"line":26,"column":0},"end":{"line":26,"column":16}},"26":{"start":{"line":27,"column":0},"end":{"line":27,"column":32}},"28":{"start":{"line":29,"column":0},"end":{"line":29,"column":2}}},"s":{"0":1,"2":1,"4":1,"5":0,"6":0,"7":0,"8":0,"9":0,"10":0,"11":0,"13":0,"14":0,"15":0,"16":0,"17":0,"18":0,"19":0,"20":0,"21":0,"22":0,"23":0,"25":0,"26":0,"28":0},"branchMap":{},"b":{},"fnMap":{"0":{"name":"WebSocketProvider","decl":{"start":{"line":5,"column":33},"end":{"line":29,"column":2}},"loc":{"start":{"line":5,"column":33},"end":{"line":29,"column":2}},"line":5}},"f":{"0":0}}
,"/home/ely/Documentos/proyectooooo/listarpartprivada/Frontend/src/components/Opciones/CrearPartida/CrearPartida.jsx": {"path":"/home/ely/Documentos/proyectooooo/listarpartprivada/Frontend/src/components/Opciones/CrearPartida/CrearPartida.jsx","all":false,"statementMap":{"0":{"start":{"line":1,"column":0},"end":{"line":1,"column":52}},"1":{"start":{"line":2,"column":0},"end":{"line":2,"column":47}},"2":{"start":{"line":3,"column":0},"end":{"line":3,"column":64}},"3":{"start":{"line":4,"column":0},"end":{"line":4,"column":28}},"5":{"start":{"line":6,"column":0},"end":{"line":6,"column":40}},"6":{"start":{"line":7,"column":0},"end":{"line":7,"column":53}},"7":{"start":{"line":8,"column":0},"end":{"line":8,"column":54}},"8":{"start":{"line":9,"column":0},"end":{"line":9,"column":19}},"9":{"start":{"line":10,"column":0},"end":{"line":10,"column":27}},"10":{"start":{"line":11,"column":0},"end":{"line":11,"column":27}},"11":{"start":{"line":12,"column":0},"end":{"line":12,"column":24}},"12":{"start":{"line":13,"column":0},"end":{"line":13,"column":22}},"13":{"start":{"line":14,"column":0},"end":{"line":14,"column":7}},"15":{"start":{"line":16,"column":0},"end":{"line":16,"column":35}},"16":{"start":{"line":17,"column":0},"end":{"line":17,"column":43}},"17":{"start":{"line":18,"column":0},"end":{"line":18,"column":60}},"18":{"start":{"line":19,"column":0},"end":{"line":19,"column":70}},"20":{"start":{"line":21,"column":0},"end":{"line":21,"column":40}},"21":{"start":{"line":22,"column":0},"end":{"line":22,"column":25}},"22":{"start":{"line":23,"column":0},"end":{"line":23,"column":28}},"23":{"start":{"line":24,"column":0},"end":{"line":24,"column":43}},"24":{"start":{"line":25,"column":0},"end":{"line":25,"column":11}},"25":{"start":{"line":26,"column":0},"end":{"line":26,"column":6}},"27":{"start":{"line":28,"column":0},"end":{"line":28,"column":51}},"28":{"start":{"line":29,"column":0},"end":{"line":29,"column":27}},"31":{"start":{"line":32,"column":0},"end":{"line":32,"column":42}},"32":{"start":{"line":33,"column":0},"end":{"line":33,"column":64}},"33":{"start":{"line":34,"column":0},"end":{"line":34,"column":39}},"34":{"start":{"line":35,"column":0},"end":{"line":35,"column":64}},"35":{"start":{"line":36,"column":0},"end":{"line":36,"column":19}},"36":{"start":{"line":37,"column":0},"end":{"line":37,"column":9}},"38":{"start":{"line":39,"column":0},"end":{"line":39,"column":59}},"39":{"start":{"line":40,"column":0},"end":{"line":40,"column":77}},"40":{"start":{"line":41,"column":0},"end":{"line":41,"column":39}},"41":{"start":{"line":42,"column":0},"end":{"line":42,"column":64}},"42":{"start":{"line":43,"column":0},"end":{"line":43,"column":19}},"43":{"start":{"line":44,"column":0},"end":{"line":44,"column":9}},"45":{"start":{"line":46,"column":0},"end":{"line":46,"column":70}},"46":{"start":{"line":47,"column":0},"end":{"line":47,"column":48}},"47":{"start":{"line":48,"column":0},"end":{"line":48,"column":75}},"48":{"start":{"line":49,"column":0},"end":{"line":49,"column":39}},"49":{"start":{"line":50,"column":0},"end":{"line":50,"column":64}},"50":{"start":{"line":51,"column":0},"end":{"line":51,"column":19}},"51":{"start":{"line":52,"column":0},"end":{"line":52,"column":9}},"53":{"start":{"line":54,"column":0},"end":{"line":54,"column":74}},"54":{"start":{"line":55,"column":0},"end":{"line":55,"column":83}},"55":{"start":{"line":56,"column":0},"end":{"line":56,"column":39}},"56":{"start":{"line":57,"column":0},"end":{"line":57,"column":64}},"57":{"start":{"line":58,"column":0},"end":{"line":58,"column":19}},"58":{"start":{"line":59,"column":0},"end":{"line":59,"column":9}},"61":{"start":{"line":62,"column":0},"end":{"line":62,"column":50}},"62":{"start":{"line":63,"column":0},"end":{"line":63,"column":70}},"63":{"start":{"line":64,"column":0},"end":{"line":64,"column":39}},"64":{"start":{"line":65,"column":0},"end":{"line":65,"column":64}},"65":{"start":{"line":66,"column":0},"end":{"line":66,"column":19}},"66":{"start":{"line":67,"column":0},"end":{"line":67,"column":9}},"68":{"start":{"line":69,"column":0},"end":{"line":69,"column":64}},"69":{"start":{"line":70,"column":0},"end":{"line":70,"column":31}},"70":{"start":{"line":71,"column":0},"end":{"line":71,"column":38}},"71":{"start":{"line":72,"column":0},"end":{"line":72,"column":52}},"72":{"start":{"line":73,"column":0},"end":{"line":73,"column":52}},"73":{"start":{"line":74,"column":0},"end":{"line":74,"column":35}},"74":{"start":{"line":75,"column":0},"end":{"line":75,"column":56}},"75":{"start":{"line":76,"column":0},"end":{"line":76,"column":86}},"76":{"start":{"line":77,"column":0},"end":{"line":77,"column":10}},"78":{"start":{"line":79,"column":0},"end":{"line":79,"column":13}},"79":{"start":{"line":80,"column":0},"end":{"line":80,"column":77}},"80":{"start":{"line":81,"column":0},"end":{"line":81,"column":31}},"81":{"start":{"line":82,"column":0},"end":{"line":82,"column":26}},"82":{"start":{"line":83,"column":0},"end":{"line":83,"column":55}},"83":{"start":{"line":84,"column":0},"end":{"line":84,"column":18}},"84":{"start":{"line":85,"column":0},"end":{"line":85,"column":51}},"85":{"start":{"line":86,"column":0},"end":{"line":86,"column":15}},"86":{"start":{"line":87,"column":0},"end":{"line":87,"column":30}},"87":{"start":{"line":88,"column":0},"end":{"line":88,"column":51}},"88":{"start":{"line":89,"column":0},"end":{"line":89,"column":29}},"89":{"start":{"line":90,"column":0},"end":{"line":90,"column":53}},"91":{"start":{"line":92,"column":0},"end":{"line":92,"column":42}},"92":{"start":{"line":93,"column":0},"end":{"line":93,"column":64}},"94":{"start":{"line":95,"column":0},"end":{"line":95,"column":84}},"95":{"start":{"line":96,"column":0},"end":{"line":96,"column":116}},"97":{"start":{"line":98,"column":0},"end":{"line":98,"column":48}},"98":{"start":{"line":99,"column":0},"end":{"line":99,"column":73}},"99":{"start":{"line":100,"column":0},"end":{"line":100,"column":71}},"100":{"start":{"line":101,"column":0},"end":{"line":101,"column":18}},"102":{"start":{"line":103,"column":0},"end":{"line":103,"column":56}},"103":{"start":{"line":104,"column":0},"end":{"line":104,"column":56}},"104":{"start":{"line":105,"column":0},"end":{"line":105,"column":84}},"105":{"start":{"line":106,"column":0},"end":{"line":106,"column":18}},"107":{"start":{"line":108,"column":0},"end":{"line":108,"column":54}},"108":{"start":{"line":109,"column":0},"end":{"line":109,"column":61}},"109":{"start":{"line":110,"column":0},"end":{"line":110,"column":18}},"111":{"start":{"line":112,"column":0},"end":{"line":112,"column":56}},"113":{"start":{"line":114,"column":0},"end":{"line":114,"column":34}},"114":{"start":{"line":115,"column":0},"end":{"line":115,"column":54}},"115":{"start":{"line":116,"column":0},"end":{"line":116,"column":25}},"116":{"start":{"line":117,"column":0},"end":{"line":117,"column":20}},"117":{"start":{"line":118,"column":0},"end":{"line":118,"column":56}},"118":{"start":{"line":119,"column":0},"end":{"line":119,"column":75}},"119":{"start":{"line":120,"column":0},"end":{"line":120,"column":13}},"120":{"start":{"line":121,"column":0},"end":{"line":121,"column":25}},"121":{"start":{"line":122,"column":0},"end":{"line":122,"column":43}},"122":{"start":{"line":123,"column":0},"end":{"line":123,"column":50}},"123":{"start":{"line":124,"column":0},"end":{"line":124,"column":9}},"124":{"start":{"line":125,"column":0},"end":{"line":125,"column":6}},"126":{"start":{"line":127,"column":0},"end":{"line":127,"column":43}},"127":{"start":{"line":128,"column":0},"end":{"line":128,"column":63}},"128":{"start":{"line":129,"column":0},"end":{"line":129,"column":30}},"129":{"start":{"line":130,"column":0},"end":{"line":130,"column":26}},"130":{"start":{"line":131,"column":0},"end":{"line":131,"column":35}},"131":{"start":{"line":132,"column":0},"end":{"line":132,"column":17}},"132":{"start":{"line":133,"column":0},"end":{"line":133,"column":6}},"134":{"start":{"line":135,"column":0},"end":{"line":135,"column":12}},"135":{"start":{"line":136,"column":0},"end":{"line":136,"column":14}},"136":{"start":{"line":137,"column":0},"end":{"line":137,"column":68}},"137":{"start":{"line":138,"column":0},"end":{"line":138,"column":40}},"138":{"start":{"line":139,"column":0},"end":{"line":139,"column":61}},"139":{"start":{"line":140,"column":0},"end":{"line":140,"column":23}},"140":{"start":{"line":141,"column":0},"end":{"line":141,"column":29}},"141":{"start":{"line":142,"column":0},"end":{"line":142,"column":31}},"142":{"start":{"line":143,"column":0},"end":{"line":143,"column":45}},"143":{"start":{"line":144,"column":0},"end":{"line":144,"column":50}},"145":{"start":{"line":146,"column":0},"end":{"line":146,"column":60}},"146":{"start":{"line":147,"column":0},"end":{"line":147,"column":60}},"147":{"start":{"line":148,"column":0},"end":{"line":148,"column":25}},"148":{"start":{"line":149,"column":0},"end":{"line":149,"column":18}},"150":{"start":{"line":151,"column":0},"end":{"line":151,"column":87}},"151":{"start":{"line":152,"column":0},"end":{"line":152,"column":44}},"152":{"start":{"line":153,"column":0},"end":{"line":153,"column":69}},"153":{"start":{"line":154,"column":0},"end":{"line":154,"column":26}},"154":{"start":{"line":155,"column":0},"end":{"line":155,"column":35}},"155":{"start":{"line":156,"column":0},"end":{"line":156,"column":37}},"156":{"start":{"line":157,"column":0},"end":{"line":157,"column":35}},"157":{"start":{"line":158,"column":0},"end":{"line":158,"column":42}},"158":{"start":{"line":159,"column":0},"end":{"line":159,"column":51}},"159":{"start":{"line":160,"column":0},"end":{"line":160,"column":54}},"160":{"start":{"line":161,"column":0},"end":{"line":161,"column":22}},"161":{"start":{"line":162,"column":0},"end":{"line":162,"column":22}},"163":{"start":{"line":164,"column":0},"end":{"line":164,"column":44}},"164":{"start":{"line":165,"column":0},"end":{"line":165,"column":72}},"165":{"start":{"line":166,"column":0},"end":{"line":166,"column":26}},"166":{"start":{"line":167,"column":0},"end":{"line":167,"column":42}},"167":{"start":{"line":168,"column":0},"end":{"line":168,"column":44}},"168":{"start":{"line":169,"column":0},"end":{"line":169,"column":37}},"169":{"start":{"line":170,"column":0},"end":{"line":170,"column":31}},"170":{"start":{"line":171,"column":0},"end":{"line":171,"column":31}},"171":{"start":{"line":172,"column":0},"end":{"line":172,"column":42}},"172":{"start":{"line":173,"column":0},"end":{"line":173,"column":58}},"173":{"start":{"line":174,"column":0},"end":{"line":174,"column":54}},"174":{"start":{"line":175,"column":0},"end":{"line":175,"column":22}},"175":{"start":{"line":176,"column":0},"end":{"line":176,"column":22}},"177":{"start":{"line":178,"column":0},"end":{"line":178,"column":44}},"178":{"start":{"line":179,"column":0},"end":{"line":179,"column":72}},"179":{"start":{"line":180,"column":0},"end":{"line":180,"column":26}},"180":{"start":{"line":181,"column":0},"end":{"line":181,"column":42}},"181":{"start":{"line":182,"column":0},"end":{"line":182,"column":44}},"182":{"start":{"line":183,"column":0},"end":{"line":183,"column":37}},"183":{"start":{"line":184,"column":0},"end":{"line":184,"column":31}},"184":{"start":{"line":185,"column":0},"end":{"line":185,"column":31}},"185":{"start":{"line":186,"column":0},"end":{"line":186,"column":42}},"186":{"start":{"line":187,"column":0},"end":{"line":187,"column":58}},"187":{"start":{"line":188,"column":0},"end":{"line":188,"column":54}},"188":{"start":{"line":189,"column":0},"end":{"line":189,"column":22}},"189":{"start":{"line":190,"column":0},"end":{"line":190,"column":22}},"191":{"start":{"line":192,"column":0},"end":{"line":192,"column":53}},"192":{"start":{"line":193,"column":0},"end":{"line":193,"column":48}},"193":{"start":{"line":194,"column":0},"end":{"line":194,"column":70}},"194":{"start":{"line":195,"column":0},"end":{"line":195,"column":30}},"195":{"start":{"line":196,"column":0},"end":{"line":196,"column":43}},"196":{"start":{"line":197,"column":0},"end":{"line":197,"column":45}},"197":{"start":{"line":198,"column":0},"end":{"line":198,"column":43}},"198":{"start":{"line":199,"column":0},"end":{"line":199,"column":52}},"199":{"start":{"line":200,"column":0},"end":{"line":200,"column":46}},"200":{"start":{"line":201,"column":0},"end":{"line":201,"column":59}},"201":{"start":{"line":202,"column":0},"end":{"line":202,"column":58}},"202":{"start":{"line":203,"column":0},"end":{"line":203,"column":26}},"203":{"start":{"line":204,"column":0},"end":{"line":204,"column":31}},"204":{"start":{"line":205,"column":0},"end":{"line":205,"column":41}},"205":{"start":{"line":206,"column":0},"end":{"line":206,"column":61}},"206":{"start":{"line":207,"column":0},"end":{"line":207,"column":57}},"207":{"start":{"line":208,"column":0},"end":{"line":208,"column":25}},"209":{"start":{"line":210,"column":0},"end":{"line":210,"column":33}},"210":{"start":{"line":211,"column":0},"end":{"line":211,"column":26}},"212":{"start":{"line":213,"column":0},"end":{"line":213,"column":18}},"213":{"start":{"line":214,"column":0},"end":{"line":214,"column":46}},"214":{"start":{"line":215,"column":0},"end":{"line":215,"column":23}},"215":{"start":{"line":216,"column":0},"end":{"line":216,"column":39}},"216":{"start":{"line":217,"column":0},"end":{"line":217,"column":51}},"217":{"start":{"line":218,"column":0},"end":{"line":218,"column":54}},"218":{"start":{"line":219,"column":0},"end":{"line":219,"column":17}},"220":{"start":{"line":221,"column":0},"end":{"line":221,"column":25}},"222":{"start":{"line":223,"column":0},"end":{"line":223,"column":39}},"223":{"start":{"line":224,"column":0},"end":{"line":224,"column":49}},"224":{"start":{"line":225,"column":0},"end":{"line":225,"column":38}},"225":{"start":{"line":226,"column":0},"end":{"line":226,"column":26}},"227":{"start":{"line":228,"column":0},"end":{"line":228,"column":18}},"229":{"start":{"line":230,"column":0},"end":{"line":230,"column":30}},"230":{"start":{"line":231,"column":0},"end":{"line":231,"column":46}},"231":{"start":{"line":232,"column":0},"end":{"line":232,"column":63}},"232":{"start":{"line":233,"column":0},"end":{"line":233,"column":22}},"235":{"start":{"line":236,"column":0},"end":{"line":236,"column":15}},"237":{"start":{"line":238,"column":0},"end":{"line":238,"column":1}}},"s":{"0":1,"1":1,"2":1,"3":1,"5":18,"6":18,"7":18,"8":18,"9":18,"10":18,"11":18,"12":18,"13":18,"15":18,"16":18,"17":18,"18":18,"20":18,"21":7,"22":7,"23":7,"24":7,"25":7,"27":18,"28":3,"31":3,"32":1,"33":1,"34":1,"35":1,"36":1,"38":3,"39":0,"40":0,"41":0,"42":0,"43":0,"45":2,"46":3,"47":0,"48":0,"49":0,"50":0,"51":0,"53":3,"54":0,"55":0,"56":0,"57":0,"58":0,"61":3,"62":0,"63":0,"64":0,"65":0,"66":0,"68":2,"69":2,"70":2,"71":2,"72":2,"73":2,"74":2,"75":3,"76":3,"78":3,"79":3,"80":3,"81":3,"82":3,"83":3,"84":3,"85":3,"86":2,"87":2,"88":2,"89":2,"91":2,"92":2,"94":2,"95":2,"97":2,"98":0,"99":0,"100":0,"102":2,"103":0,"104":0,"105":0,"107":2,"108":2,"109":2,"111":2,"113":2,"114":1,"115":2,"116":3,"117":0,"118":0,"119":0,"120":3,"121":0,"122":0,"123":0,"124":3,"126":18,"127":0,"128":0,"129":0,"130":0,"131":0,"132":0,"134":18,"135":18,"136":18,"137":18,"138":18,"139":18,"140":18,"141":18,"142":18,"143":18,"145":18,"146":18,"147":18,"148":18,"150":18,"151":18,"152":18,"153":18,"154":18,"155":18,"156":18,"157":18,"158":18,"159":18,"160":18,"161":18,"163":18,"164":18,"165":18,"166":18,"167":18,"168":18,"169":18,"170":18,"171":18,"172":18,"173":18,"174":18,"175":18,"177":18,"178":18,"179":18,"180":18,"181":18,"182":18,"183":18,"184":18,"185":18,"186":18,"187":18,"188":18,"189":18,"191":18,"192":4,"193":4,"194":4,"195":4,"196":4,"197":4,"198":4,"199":4,"200":4,"201":4,"202":4,"203":4,"204":4,"205":4,"206":4,"207":4,"209":4,"210":4,"212":18,"213":18,"214":18,"215":18,"216":18,"217":18,"218":18,"220":18,"222":18,"223":1,"224":1,"225":1,"227":18,"229":18,"230":0,"231":0,"232":0,"235":18,"237":18},"branchMap":{"0":{"type":"branch","line":6,"loc":{"start":{"line":6,"column":0},"end":{"line":238,"column":1}},"locations":[{"start":{"line":6,"column":0},"end":{"line":238,"column":1}}]},"1":{"type":"branch","line":192,"loc":{"start":{"line":192,"column":39},"end":{"line":211,"column":26}},"locations":[{"start":{"line":192,"column":39},"end":{"line":211,"column":26}}]},"2":{"type":"branch","line":223,"loc":{"start":{"line":223,"column":17},"end":{"line":226,"column":26}},"locations":[{"start":{"line":223,"column":17},"end":{"line":226,"column":26}}]},"3":{"type":"branch","line":230,"loc":{"start":{"line":230,"column":13},"end":{"line":233,"column":22}},"locations":[{"start":{"line":230,"column":13},"end":{"line":233,"column":22}}]},"4":{"type":"branch","line":21,"loc":{"start":{"line":21,"column":32},"end":{"line":26,"column":6}},"locations":[{"start":{"line":21,"column":32},"end":{"line":26,"column":6}}]},"5":{"type":"branch","line":28,"loc":{"start":{"line":28,"column":37},"end":{"line":125,"column":6}},"locations":[{"start":{"line":28,"column":37},"end":{"line":125,"column":6}}]},"6":{"type":"branch","line":32,"loc":{"start":{"line":32,"column":41},"end":{"line":37,"column":9}},"locations":[{"start":{"line":32,"column":41},"end":{"line":37,"column":9}}]},"7":{"type":"branch","line":37,"loc":{"start":{"line":37,"column":8},"end":{"line":39,"column":58}},"locations":[{"start":{"line":37,"column":8},"end":{"line":39,"column":58}}]},"8":{"type":"branch","line":39,"loc":{"start":{"line":39,"column":58},"end":{"line":44,"column":9}},"locations":[{"start":{"line":39,"column":58},"end":{"line":44,"column":9}}]},"9":{"type":"branch","line":44,"loc":{"start":{"line":44,"column":8},"end":{"line":47,"column":47}},"locations":[{"start":{"line":44,"column":8},"end":{"line":47,"column":47}}]},"10":{"type":"branch","line":47,"loc":{"start":{"line":47,"column":47},"end":{"line":52,"column":9}},"locations":[{"start":{"line":47,"column":47},"end":{"line":52,"column":9}}]},"11":{"type":"branch","line":52,"loc":{"start":{"line":52,"column":8},"end":{"line":54,"column":47}},"locations":[{"start":{"line":52,"column":8},"end":{"line":54,"column":47}}]},"12":{"type":"branch","line":54,"loc":{"start":{"line":54,"column":34},"end":{"line":54,"column":73}},"locations":[{"start":{"line":54,"column":34},"end":{"line":54,"column":73}}]},"13":{"type":"branch","line":54,"loc":{"start":{"line":54,"column":73},"end":{"line":59,"column":9}},"locations":[{"start":{"line":54,"column":73},"end":{"line":59,"column":9}}]},"14":{"type":"branch","line":59,"loc":{"start":{"line":59,"column":8},"end":{"line":62,"column":49}},"locations":[{"start":{"line":59,"column":8},"end":{"line":62,"column":49}}]},"15":{"type":"branch","line":62,"loc":{"start":{"line":62,"column":49},"end":{"line":67,"column":9}},"locations":[{"start":{"line":62,"column":49},"end":{"line":67,"column":9}}]},"16":{"type":"branch","line":67,"loc":{"start":{"line":67,"column":8},"end":{"line":76,"column":56}},"locations":[{"start":{"line":67,"column":8},"end":{"line":76,"column":56}}]},"17":{"type":"branch","line":76,"loc":{"start":{"line":76,"column":44},"end":{"line":76,"column":82}},"locations":[{"start":{"line":76,"column":44},"end":{"line":76,"column":82}}]},"18":{"type":"branch","line":76,"loc":{"start":{"line":76,"column":69},"end":{"line":76,"column":86}},"locations":[{"start":{"line":76,"column":69},"end":{"line":76,"column":86}}]},"19":{"type":"branch","line":86,"loc":{"start":{"line":86,"column":13},"end":{"line":117,"column":19}},"locations":[{"start":{"line":86,"column":13},"end":{"line":117,"column":19}}]},"20":{"type":"branch","line":117,"loc":{"start":{"line":117,"column":12},"end":{"line":120,"column":13}},"locations":[{"start":{"line":117,"column":12},"end":{"line":120,"column":13}}]},"21":{"type":"branch","line":121,"loc":{"start":{"line":121,"column":8},"end":{"line":124,"column":9}},"locations":[{"start":{"line":121,"column":8},"end":{"line":124,"column":9}}]},"22":{"type":"branch","line":108,"loc":{"start":{"line":108,"column":42},"end":{"line":110,"column":18}},"locations":[{"start":{"line":108,"column":42},"end":{"line":110,"column":18}}]},"23":{"type":"branch","line":114,"loc":{"start":{"line":114,"column":27},"end":{"line":116,"column":19}},"locations":[{"start":{"line":114,"column":27},"end":{"line":116,"column":19}}]}},"b":{"0":[18],"1":[4],"2":[1],"3":[0],"4":[7],"5":[3],"6":[1],"7":[2],"8":[0],"9":[2],"10":[0],"11":[2],"12":[1],"13":[0],"14":[2],"15":[0],"16":[2],"17":[1],"18":[1],"19":[2],"20":[0],"21":[0],"22":[2],"23":[1]},"fnMap":{"0":{"name":"CrearPartida","decl":{"start":{"line":6,"column":0},"end":{"line":238,"column":1}},"loc":{"start":{"line":6,"column":0},"end":{"line":238,"column":1}},"line":6},"1":{"name":"manejarPartidaDatos","decl":{"start":{"line":21,"column":32},"end":{"line":26,"column":6}},"loc":{"start":{"line":21,"column":32},"end":{"line":26,"column":6}},"line":21},"2":{"name":"manejarBotonCrearPartida","decl":{"start":{"line":28,"column":37},"end":{"line":125,"column":6}},"loc":{"start":{"line":28,"column":37},"end":{"line":125,"column":6}},"line":28},"3":{"name":"wsUPRef.current.onopen","decl":{"start":{"line":98,"column":41},"end":{"line":101,"column":18}},"loc":{"start":{"line":98,"column":41},"end":{"line":101,"column":18}},"line":98},"4":{"name":"wsUPRef.current.onmessage","decl":{"start":{"line":103,"column":44},"end":{"line":106,"column":18}},"loc":{"start":{"line":103,"column":44},"end":{"line":106,"column":18}},"line":103},"5":{"name":"wsUPRef.current.onerror","decl":{"start":{"line":108,"column":42},"end":{"line":110,"column":18}},"loc":{"start":{"line":108,"column":42},"end":{"line":110,"column":18}},"line":108},"6":{"name":"manejarCopiarContrasena","decl":{"start":{"line":127,"column":36},"end":{"line":133,"column":6}},"loc":{"start":{"line":127,"column":36},"end":{"line":133,"column":6}},"line":127}},"f":{"0":18,"1":7,"2":3,"3":0,"4":0,"5":2,"6":0}}
}
