{"C:\\Users\\camil\\OneDrive\\Escritorio\\Frontend\\src\\components\\Partida\\PartidaProvider.jsx": {"path":"C:\\Users\\camil\\OneDrive\\Escritorio\\Frontend\\src\\components\\Partida\\PartidaProvider.jsx","all":false,"statementMap":{"0":{"start":{"line":1,"column":0},"end":{"line":1,"column":66}},"2":{"start":{"line":3,"column":0},"end":{"line":3,"column":46}},"4":{"start":{"line":5,"column":0},"end":{"line":5,"column":50}},"5":{"start":{"line":6,"column":0},"end":{"line":6,"column":120}},"7":{"start":{"line":8,"column":0},"end":{"line":8,"column":40}},"9":{"start":{"line":10,"column":0},"end":{"line":10,"column":46}},"10":{"start":{"line":11,"column":0},"end":{"line":11,"column":32}},"11":{"start":{"line":12,"column":0},"end":{"line":12,"column":32}},"12":{"start":{"line":13,"column":0},"end":{"line":13,"column":32}},"13":{"start":{"line":14,"column":0},"end":{"line":14,"column":31}},"14":{"start":{"line":15,"column":0},"end":{"line":15,"column":5}},"16":{"start":{"line":17,"column":0},"end":{"line":17,"column":70}},"17":{"start":{"line":18,"column":0},"end":{"line":18,"column":67}},"18":{"start":{"line":19,"column":0},"end":{"line":19,"column":58}},"19":{"start":{"line":20,"column":0},"end":{"line":20,"column":5}},"21":{"start":{"line":22,"column":0},"end":{"line":22,"column":54}},"23":{"start":{"line":24,"column":0},"end":{"line":24,"column":50}},"24":{"start":{"line":25,"column":0},"end":{"line":25,"column":56}},"25":{"start":{"line":26,"column":0},"end":{"line":26,"column":67}},"26":{"start":{"line":27,"column":0},"end":{"line":27,"column":5}},"28":{"start":{"line":29,"column":0},"end":{"line":29,"column":39}},"29":{"start":{"line":30,"column":0},"end":{"line":30,"column":67}},"30":{"start":{"line":31,"column":0},"end":{"line":31,"column":38}},"31":{"start":{"line":32,"column":0},"end":{"line":32,"column":59}},"32":{"start":{"line":33,"column":0},"end":{"line":33,"column":30}},"33":{"start":{"line":34,"column":0},"end":{"line":34,"column":51}},"35":{"start":{"line":36,"column":0},"end":{"line":36,"column":9}},"36":{"start":{"line":37,"column":0},"end":{"line":37,"column":64}},"37":{"start":{"line":38,"column":0},"end":{"line":38,"column":23}},"38":{"start":{"line":39,"column":0},"end":{"line":39,"column":18}},"39":{"start":{"line":40,"column":0},"end":{"line":40,"column":45}},"40":{"start":{"line":41,"column":0},"end":{"line":41,"column":10}},"41":{"start":{"line":42,"column":0},"end":{"line":42,"column":65}},"42":{"start":{"line":43,"column":0},"end":{"line":43,"column":9}},"44":{"start":{"line":45,"column":0},"end":{"line":45,"column":25}},"45":{"start":{"line":46,"column":0},"end":{"line":46,"column":71}},"46":{"start":{"line":47,"column":0},"end":{"line":47,"column":7}},"47":{"start":{"line":48,"column":0},"end":{"line":48,"column":21}},"48":{"start":{"line":49,"column":0},"end":{"line":49,"column":64}},"49":{"start":{"line":50,"column":0},"end":{"line":50,"column":5}},"50":{"start":{"line":51,"column":0},"end":{"line":51,"column":4}},"52":{"start":{"line":53,"column":0},"end":{"line":53,"column":19}},"53":{"start":{"line":54,"column":0},"end":{"line":54,"column":47}},"54":{"start":{"line":55,"column":0},"end":{"line":55,"column":17}},"56":{"start":{"line":57,"column":0},"end":{"line":57,"column":66}},"58":{"start":{"line":59,"column":0},"end":{"line":59,"column":59}},"59":{"start":{"line":60,"column":0},"end":{"line":60,"column":60}},"61":{"start":{"line":62,"column":0},"end":{"line":62,"column":10}},"62":{"start":{"line":63,"column":0},"end":{"line":63,"column":28}},"63":{"start":{"line":64,"column":0},"end":{"line":64,"column":14}},"64":{"start":{"line":65,"column":0},"end":{"line":65,"column":24}},"65":{"start":{"line":66,"column":0},"end":{"line":66,"column":27}},"66":{"start":{"line":67,"column":0},"end":{"line":67,"column":21}},"67":{"start":{"line":68,"column":0},"end":{"line":68,"column":18}},"68":{"start":{"line":69,"column":0},"end":{"line":69,"column":22}},"69":{"start":{"line":70,"column":0},"end":{"line":70,"column":27}},"70":{"start":{"line":71,"column":0},"end":{"line":71,"column":30}},"71":{"start":{"line":72,"column":0},"end":{"line":72,"column":17}},"72":{"start":{"line":73,"column":0},"end":{"line":73,"column":20}},"73":{"start":{"line":74,"column":0},"end":{"line":74,"column":24}},"74":{"start":{"line":75,"column":0},"end":{"line":75,"column":25}},"75":{"start":{"line":76,"column":0},"end":{"line":76,"column":25}},"76":{"start":{"line":77,"column":0},"end":{"line":77,"column":25}},"77":{"start":{"line":78,"column":0},"end":{"line":78,"column":8}},"79":{"start":{"line":80,"column":0},"end":{"line":80,"column":16}},"80":{"start":{"line":81,"column":0},"end":{"line":81,"column":30}},"82":{"start":{"line":83,"column":0},"end":{"line":83,"column":2}}},"s":{"0":1,"2":1,"4":1,"5":6,"7":6,"9":6,"10":6,"11":6,"12":6,"13":6,"14":6,"16":6,"17":5,"18":5,"19":6,"21":6,"23":6,"24":5,"25":5,"26":6,"28":6,"29":0,"30":0,"31":0,"32":0,"33":0,"35":0,"36":0,"37":0,"38":0,"39":0,"40":0,"41":0,"42":0,"44":0,"45":0,"46":0,"47":0,"48":0,"49":0,"50":0,"52":6,"53":5,"54":6,"56":6,"58":6,"59":6,"61":6,"62":6,"63":6,"64":6,"65":6,"66":6,"67":6,"68":6,"69":6,"70":6,"71":6,"72":6,"73":6,"74":6,"75":6,"76":6,"77":6,"79":6,"80":6,"82":6},"branchMap":{"0":{"type":"branch","line":5,"loc":{"start":{"line":5,"column":31},"end":{"line":83,"column":2}},"locations":[{"start":{"line":5,"column":31},"end":{"line":83,"column":2}}]},"1":{"type":"branch","line":6,"loc":{"start":{"line":6,"column":103},"end":{"line":6,"column":118}},"locations":[{"start":{"line":6,"column":103},"end":{"line":6,"column":118}}]},"2":{"type":"branch","line":17,"loc":{"start":{"line":17,"column":63},"end":{"line":20,"column":3}},"locations":[{"start":{"line":17,"column":63},"end":{"line":20,"column":3}}]},"3":{"type":"branch","line":19,"loc":{"start":{"line":19,"column":27},"end":{"line":19,"column":56}},"locations":[{"start":{"line":19,"column":27},"end":{"line":19,"column":56}}]},"4":{"type":"branch","line":24,"loc":{"start":{"line":24,"column":43},"end":{"line":27,"column":3}},"locations":[{"start":{"line":24,"column":43},"end":{"line":27,"column":3}}]},"5":{"type":"branch","line":26,"loc":{"start":{"line":26,"column":26},"end":{"line":26,"column":54}},"locations":[{"start":{"line":26,"column":26},"end":{"line":26,"column":54}}]},"6":{"type":"branch","line":26,"loc":{"start":{"line":26,"column":50},"end":{"line":26,"column":67}},"locations":[{"start":{"line":26,"column":50},"end":{"line":26,"column":67}}]},"7":{"type":"branch","line":53,"loc":{"start":{"line":53,"column":12},"end":{"line":55,"column":5}},"locations":[{"start":{"line":53,"column":12},"end":{"line":55,"column":5}}]}},"b":{"0":[6],"1":[2],"2":[5],"3":[0],"4":[5],"5":[4],"6":[1],"7":[5]},"fnMap":{"0":{"name":"PartidaProvider","decl":{"start":{"line":5,"column":31},"end":{"line":83,"column":2}},"loc":{"start":{"line":5,"column":31},"end":{"line":83,"column":2}},"line":5},"1":{"name":"manejarFinTurno","decl":{"start":{"line":29,"column":26},"end":{"line":51,"column":4}},"loc":{"start":{"line":29,"column":26},"end":{"line":51,"column":4}},"line":29},"2":{"name":"handleMouseEnter","decl":{"start":{"line":59,"column":27},"end":{"line":59,"column":59}},"loc":{"start":{"line":59,"column":27},"end":{"line":59,"column":59}},"line":59},"3":{"name":"handleMouseLeave","decl":{"start":{"line":60,"column":27},"end":{"line":60,"column":60}},"loc":{"start":{"line":60,"column":27},"end":{"line":60,"column":60}},"line":60}},"f":{"0":6,"1":0,"2":0,"3":0}}
,"C:\\Users\\camil\\OneDrive\\Escritorio\\Frontend\\src\\components\\Partida\\IniciarPartida\\IniciarPartida.jsx": {"path":"C:\\Users\\camil\\OneDrive\\Escritorio\\Frontend\\src\\components\\Partida\\IniciarPartida\\IniciarPartida.jsx","all":false,"statementMap":{"0":{"start":{"line":1,"column":0},"end":{"line":1,"column":52}},"1":{"start":{"line":2,"column":0},"end":{"line":2,"column":56}},"2":{"start":{"line":3,"column":0},"end":{"line":3,"column":49}},"4":{"start":{"line":5,"column":0},"end":{"line":5,"column":28}},"5":{"start":{"line":6,"column":0},"end":{"line":6,"column":60}},"6":{"start":{"line":7,"column":0},"end":{"line":7,"column":48}},"8":{"start":{"line":9,"column":0},"end":{"line":9,"column":37}},"9":{"start":{"line":10,"column":0},"end":{"line":10,"column":21}},"11":{"start":{"line":12,"column":0},"end":{"line":12,"column":9}},"12":{"start":{"line":13,"column":0},"end":{"line":13,"column":64}},"13":{"start":{"line":14,"column":0},"end":{"line":14,"column":23}},"14":{"start":{"line":15,"column":0},"end":{"line":15,"column":18}},"15":{"start":{"line":16,"column":0},"end":{"line":16,"column":45}},"16":{"start":{"line":17,"column":0},"end":{"line":17,"column":10}},"17":{"start":{"line":18,"column":0},"end":{"line":18,"column":54}},"18":{"start":{"line":19,"column":0},"end":{"line":19,"column":9}},"20":{"start":{"line":21,"column":0},"end":{"line":21,"column":25}},"21":{"start":{"line":22,"column":0},"end":{"line":22,"column":55}},"22":{"start":{"line":23,"column":0},"end":{"line":23,"column":7}},"24":{"start":{"line":25,"column":0},"end":{"line":25,"column":56}},"25":{"start":{"line":26,"column":0},"end":{"line":26,"column":31}},"26":{"start":{"line":27,"column":0},"end":{"line":27,"column":24}},"27":{"start":{"line":28,"column":0},"end":{"line":28,"column":21}},"28":{"start":{"line":29,"column":0},"end":{"line":29,"column":59}},"29":{"start":{"line":30,"column":0},"end":{"line":30,"column":24}},"30":{"start":{"line":31,"column":0},"end":{"line":31,"column":5}},"31":{"start":{"line":32,"column":0},"end":{"line":32,"column":4}},"33":{"start":{"line":34,"column":0},"end":{"line":34,"column":10}},"34":{"start":{"line":35,"column":0},"end":{"line":35,"column":36}},"35":{"start":{"line":36,"column":0},"end":{"line":36,"column":13}},"36":{"start":{"line":37,"column":0},"end":{"line":37,"column":38}},"37":{"start":{"line":38,"column":0},"end":{"line":38,"column":31}},"38":{"start":{"line":39,"column":0},"end":{"line":39,"column":26}},"40":{"start":{"line":41,"column":0},"end":{"line":41,"column":54}},"41":{"start":{"line":42,"column":0},"end":{"line":42,"column":15}},"42":{"start":{"line":43,"column":0},"end":{"line":43,"column":10}},"44":{"start":{"line":45,"column":0},"end":{"line":45,"column":2}},"46":{"start":{"line":47,"column":0},"end":{"line":47,"column":30}}},"s":{"0":1,"1":1,"2":1,"4":13,"5":13,"6":13,"8":13,"9":4,"11":4,"12":4,"13":4,"14":4,"15":4,"16":4,"17":4,"18":4,"20":4,"21":0,"22":0,"24":3,"25":3,"26":3,"27":4,"28":1,"29":1,"30":1,"31":4,"33":13,"34":13,"35":13,"36":13,"37":13,"38":13,"40":13,"41":13,"42":13,"44":1,"46":1},"branchMap":{"0":{"type":"branch","line":5,"loc":{"start":{"line":5,"column":0},"end":{"line":45,"column":1}},"locations":[{"start":{"line":5,"column":0},"end":{"line":45,"column":1}}]},"1":{"type":"branch","line":41,"loc":{"start":{"line":41,"column":9},"end":{"line":41,"column":36}},"locations":[{"start":{"line":41,"column":9},"end":{"line":41,"column":36}}]},"2":{"type":"branch","line":41,"loc":{"start":{"line":41,"column":19},"end":{"line":41,"column":54}},"locations":[{"start":{"line":41,"column":19},"end":{"line":41,"column":54}}]},"3":{"type":"branch","line":9,"loc":{"start":{"line":9,"column":24},"end":{"line":32,"column":4}},"locations":[{"start":{"line":9,"column":24},"end":{"line":32,"column":4}}]},"4":{"type":"branch","line":19,"loc":{"start":{"line":19,"column":7},"end":{"line":21,"column":24}},"locations":[{"start":{"line":19,"column":7},"end":{"line":21,"column":24}}]},"5":{"type":"branch","line":21,"loc":{"start":{"line":21,"column":24},"end":{"line":23,"column":7}},"locations":[{"start":{"line":21,"column":24},"end":{"line":23,"column":7}}]},"6":{"type":"branch","line":23,"loc":{"start":{"line":23,"column":6},"end":{"line":28,"column":13}},"locations":[{"start":{"line":23,"column":6},"end":{"line":28,"column":13}}]},"7":{"type":"branch","line":28,"loc":{"start":{"line":28,"column":4},"end":{"line":31,"column":5}},"locations":[{"start":{"line":28,"column":4},"end":{"line":31,"column":5}}]}},"b":{"0":[13],"1":[4],"2":[9],"3":[4],"4":[3],"5":[0],"6":[3],"7":[1]},"fnMap":{"0":{"name":"IniciarPartida","decl":{"start":{"line":5,"column":0},"end":{"line":45,"column":1}},"loc":{"start":{"line":5,"column":0},"end":{"line":45,"column":1}},"line":5},"1":{"name":"handleIniciar","decl":{"start":{"line":9,"column":24},"end":{"line":32,"column":4}},"loc":{"start":{"line":9,"column":24},"end":{"line":32,"column":4}},"line":9}},"f":{"0":13,"1":4}}
}
